Using pre-set license
Built from '2020.3/staging' branch; Version is '2020.3.47f1 (5ef4f5b5e2d4) revision 6223093'; Using compiler version '192528614'; Build Type 'Release'
OS: 'Windows 11  (10.0.22621) 64bit Core' Language: 'en' Physical Memory: 32492 MB
BatchMode: 1, IsHumanControllingUs: 0, StartBugReporterOnCrash: 0, Is64bit: 1, IsPro: 0

COMMAND LINE ARGUMENTS:
C:\Program Files\Unity\Hub\Editor\2020.3.47f1\Editor\Unity.exe
-adb2
-batchMode
-noUpm
-name
AssetImportWorker0
-projectPath
C:/Users/zella/Desktop/Tech Academy/C-Sharp-and-Unity-Projects/Unity/Ball-Motion
-logFile
Logs/AssetImportWorker0.log
-srvPort
60887
Successfully changed project path to: C:/Users/zella/Desktop/Tech Academy/C-Sharp-and-Unity-Projects/Unity/Ball-Motion
C:/Users/zella/Desktop/Tech Academy/C-Sharp-and-Unity-Projects/Unity/Ball-Motion
Using Asset Import Pipeline V2.
Player connection [13848] Host "[IP] 192.168.1.126 [Port] 805524064 [Flags] 2 [Guid] 3568511337 [EditorId] 3568511337 [Version] 1048832 [Id] WindowsEditor(7,zeebs) [Debug] 1 [PackageName] WindowsEditor [ProjectName] Editor" joined multi-casting on [225.0.0.222:54997]...

Player connection [13848] Host "[IP] 192.168.1.126 [Port] 805524064 [Flags] 2 [Guid] 3568511337 [EditorId] 3568511337 [Version] 1048832 [Id] WindowsEditor(7,zeebs) [Debug] 1 [PackageName] WindowsEditor [ProjectName] Editor" joined alternative multi-casting on [225.0.0.222:34997]...

Refreshing native plugins compatible for Editor in 18.99 ms, found 2 plugins.
Preloading 0 native plugins for Editor in 0.00 ms.
Initialize engine version: 2020.3.47f1 (5ef4f5b5e2d4)
[Subsystems] Discovering subsystems at path C:/Program Files/Unity/Hub/Editor/2020.3.47f1/Editor/Data/Resources/UnitySubsystems
[Subsystems] Discovering subsystems at path C:/Users/zella/Desktop/Tech Academy/C-Sharp-and-Unity-Projects/Unity/Ball-Motion/Assets
GfxDevice: creating device client; threaded=0
Direct3D:
    Version:  Direct3D 11.0 [level 11.1]
    Renderer: NVIDIA GeForce RTX 3070 Ti Laptop GPU (ID=0x24e0)
    Vendor:   
    VRAM:     8032 MB
    Driver:   31.0.15.2849
Initialize mono
Mono path[0] = 'C:/Program Files/Unity/Hub/Editor/2020.3.47f1/Editor/Data/Managed'
Mono path[1] = 'C:/Program Files/Unity/Hub/Editor/2020.3.47f1/Editor/Data/MonoBleedingEdge/lib/mono/unityjit'
Mono config path = 'C:/Program Files/Unity/Hub/Editor/2020.3.47f1/Editor/Data/MonoBleedingEdge/etc'
Using monoOptions --debugger-agent=transport=dt_socket,embedding=1,server=y,suspend=n,address=127.0.0.1:56136
Begin MonoManager ReloadAssembly
Registering precompiled unity dll's ...
Register platform support module: C:/Program Files/Unity/Hub/Editor/2020.3.47f1/Editor/Data/PlaybackEngines/WindowsStandaloneSupport/UnityEditor.WindowsStandalone.Extensions.dll
Registered in 0.001080 seconds.
Native extension for WindowsStandalone target not found
Refreshing native plugins compatible for Editor in 17.58 ms, found 2 plugins.
Preloading 0 native plugins for Editor in 0.00 ms.
Mono: successfully reloaded assembly
- Completed reload, in  0.356 seconds
Domain Reload Profiling:
	ReloadAssembly (356ms)
		BeginReloadAssembly (42ms)
			ExecutionOrderSort (0ms)
			DisableScriptedObjects (0ms)
			BackupInstance (0ms)
			ReleaseScriptingObjects (0ms)
			CreateAndSetChildDomain (0ms)
		EndReloadAssembly (270ms)
			LoadAssemblies (40ms)
			RebuildTransferFunctionScriptingTraits (0ms)
			SetupTypeCache (88ms)
			ReleaseScriptCaches (0ms)
			RebuildScriptCaches (17ms)
			SetupLoadedEditorAssemblies (94ms)
				LogAssemblyErrors (0ms)
				InitializePlatformSupportModulesInManaged (2ms)
				SetLoadedEditorAssemblies (0ms)
				RefreshPlugins (18ms)
				BeforeProcessingInitializeOnLoad (8ms)
				ProcessInitializeOnLoadAttributes (49ms)
				ProcessInitializeOnLoadMethodAttributes (17ms)
				AfterProcessingInitializeOnLoad (0ms)
				EditorAssembliesLoaded (0ms)
			ExecutionOrderSort2 (0ms)
			AwakeInstancesAfterBackupRestoration (0ms)
Platform modules already initialized, skipping
Registering precompiled user dll's ...
Registered in 0.001914 seconds.
Begin MonoManager ReloadAssembly
Native extension for WindowsStandalone target not found
Refreshing native plugins compatible for Editor in 0.20 ms, found 2 plugins.
Preloading 0 native plugins for Editor in 0.00 ms.
Mono: successfully reloaded assembly
- Completed reload, in  0.587 seconds
Domain Reload Profiling:
	ReloadAssembly (587ms)
		BeginReloadAssembly (88ms)
			ExecutionOrderSort (0ms)
			DisableScriptedObjects (2ms)
			BackupInstance (0ms)
			ReleaseScriptingObjects (0ms)
			CreateAndSetChildDomain (13ms)
		EndReloadAssembly (458ms)
			LoadAssemblies (59ms)
			RebuildTransferFunctionScriptingTraits (0ms)
			SetupTypeCache (147ms)
			ReleaseScriptCaches (0ms)
			RebuildScriptCaches (24ms)
			SetupLoadedEditorAssemblies (189ms)
				LogAssemblyErrors (0ms)
				InitializePlatformSupportModulesInManaged (3ms)
				SetLoadedEditorAssemblies (0ms)
				RefreshPlugins (0ms)
				BeforeProcessingInitializeOnLoad (48ms)
				ProcessInitializeOnLoadAttributes (129ms)
				ProcessInitializeOnLoadMethodAttributes (5ms)
				AfterProcessingInitializeOnLoad (3ms)
				EditorAssembliesLoaded (0ms)
			ExecutionOrderSort2 (0ms)
			AwakeInstancesAfterBackupRestoration (2ms)
Platform modules already initialized, skipping
========================================================================
Worker process is ready to serve import requests
Launched and connected shader compiler UnityShaderCompiler.exe after 0.03 seconds
Refreshing native plugins compatible for Editor in 0.21 ms, found 2 plugins.
Preloading 0 native plugins for Editor in 0.00 ms.
Unloading 1320 Unused Serialized files (Serialized files now loaded: 0)
System memory in use before: 64.0 MB.
System memory in use after: 64.1 MB.

Unloading 17 unused Assets to reduce memory usage. Loaded Objects now: 1756.
Total: 1.635200 ms (FindLiveObjects: 0.084500 ms CreateObjectMapping: 0.023900 ms MarkObjects: 1.473300 ms  DeleteObjects: 0.052600 ms)

AssetImportParameters requested are different than current active one (requested -> active):
  custom:framework-win-MediaFoundation: 216162199b28c13a410421893ffa2e32 -> 
  custom:video-decoder-ogg-theora: a1e56fd34408186e4bbccfd4996cb3dc -> 
  custom:container-muxer-webm: aa71ff27fc2769a1b78a27578f13a17b -> 
  custom:container-demuxer-webm: 4f35f7cbe854078d1ac9338744f61a02 -> 
  custom:container-demuxer-ogg: 62fdf1f143b41e24485cea50d1cbac27 -> 
  custom:video-encoder-webm-vp8: eb34c28f22e8b96e1ab97ce403110664 -> 
  custom:video-codec-MediaFoundation-h265: 746d11721c4dcdbdad8f713fa42b33f4 -> 
  custom:video-decoder-webm-vp8: 9c59270c3fd7afecdb556c50c9e8de78 -> 
  custom:audio-decoder-ogg-vorbis: bf7c407c2cedff20999df2af8eb42d56 -> 
  custom:audio-encoder-webm-vorbis: bf7c407c2cedff20999df2af8eb42d56 -> 
========================================================================
Received Import Request.
  path: Assets
  artifactKey: Guid(00000000000000001000000000000000) Importer(815301076,1909f56bfc062723c751e8b465ee728b)
Start importing Assets using Guid(00000000000000001000000000000000) Importer(815301076,1909f56bfc062723c751e8b465ee728b)  -> (artifact id: '42d402b061de3733987d63b9cc3b64de') in 0.011000 seconds 
========================================================================
Received Import Request.
  Time since last request: 8.940301 seconds.
  path: Assets/Materials
  artifactKey: Guid(b1a189c62f49f1f4e834341128d59b23) Importer(815301076,1909f56bfc062723c751e8b465ee728b)
Start importing Assets/Materials using Guid(b1a189c62f49f1f4e834341128d59b23) Importer(815301076,1909f56bfc062723c751e8b465ee728b)  -> (artifact id: '2264cf1180c1a6dfbf0c128637fe31b5') in 0.012531 seconds 
========================================================================
Received Import Request.
  Time since last request: 19.235186 seconds.
  path: Assets/Materials/Color Sphere.mat
  artifactKey: Guid(cef113833a5f8e74dba3f6f3d626a0aa) Importer(815301076,1909f56bfc062723c751e8b465ee728b)
Start importing Assets/Materials/Color Sphere.mat using Guid(cef113833a5f8e74dba3f6f3d626a0aa) Importer(815301076,1909f56bfc062723c751e8b465ee728b)  -> (artifact id: '406be0fe63415a3a20dc285121bf53cc') in 0.099110 seconds 
========================================================================
Received Import Request.
  Time since last request: 9.153327 seconds.
  path: Assets/Materials/Ground Color.mat
  artifactKey: Guid(aae7997d96fadec41ba029cb45f199b3) Importer(815301076,1909f56bfc062723c751e8b465ee728b)
Start importing Assets/Materials/Ground Color.mat using Guid(aae7997d96fadec41ba029cb45f199b3) Importer(815301076,1909f56bfc062723c751e8b465ee728b)  -> (artifact id: '086963008009ba8e68a860a21b9035c6') in 0.017470 seconds 
========================================================================
Received Import Request.
  Time since last request: 166.291780 seconds.
  path: Assets/Scripts
  artifactKey: Guid(0a70ed3f6b1198b42a2c4d1876bba091) Importer(815301076,1909f56bfc062723c751e8b465ee728b)
Start importing Assets/Scripts using Guid(0a70ed3f6b1198b42a2c4d1876bba091) Importer(815301076,1909f56bfc062723c751e8b465ee728b)  -> (artifact id: 'e697e7a8e10a3a4928d288f3c4582406') in 0.011744 seconds 
========================================================================
Received Import Request.
  Time since last request: 25.274653 seconds.
  path: Assets/Scripts/ball_move.cs
  artifactKey: Guid(d174ddff780d07a4193107cd78d9f354) Importer(815301076,1909f56bfc062723c751e8b465ee728b)
Start importing Assets/Scripts/ball_move.cs using Guid(d174ddff780d07a4193107cd78d9f354) Importer(815301076,1909f56bfc062723c751e8b465ee728b)  -> (artifact id: '9955aa077793dc1c8dfed58527b6f6a9') in 0.014963 seconds 
========================================================================
Received Prepare
Registering precompiled user dll's ...
Registered in 0.001750 seconds.
Begin MonoManager ReloadAssembly
Native extension for WindowsStandalone target not found
Refreshing native plugins compatible for Editor in 0.20 ms, found 2 plugins.
Preloading 0 native plugins for Editor in 0.00 ms.
Mono: successfully reloaded assembly
- Completed reload, in  0.547 seconds
Domain Reload Profiling:
	ReloadAssembly (548ms)
		BeginReloadAssembly (74ms)
			ExecutionOrderSort (0ms)
			DisableScriptedObjects (2ms)
			BackupInstance (0ms)
			ReleaseScriptingObjects (0ms)
			CreateAndSetChildDomain (19ms)
		EndReloadAssembly (436ms)
			LoadAssemblies (61ms)
			RebuildTransferFunctionScriptingTraits (0ms)
			SetupTypeCache (151ms)
			ReleaseScriptCaches (1ms)
			RebuildScriptCaches (20ms)
			SetupLoadedEditorAssemblies (167ms)
				LogAssemblyErrors (0ms)
				InitializePlatformSupportModulesInManaged (3ms)
				SetLoadedEditorAssemblies (0ms)
				RefreshPlugins (0ms)
				BeforeProcessingInitializeOnLoad (44ms)
				ProcessInitializeOnLoadAttributes (112ms)
				ProcessInitializeOnLoadMethodAttributes (5ms)
				AfterProcessingInitializeOnLoad (3ms)
				EditorAssembliesLoaded (0ms)
			ExecutionOrderSort2 (0ms)
			AwakeInstancesAfterBackupRestoration (1ms)
Platform modules already initialized, skipping
Refreshing native plugins compatible for Editor in 0.21 ms, found 2 plugins.
Preloading 0 native plugins for Editor in 0.00 ms.
Unloading 1316 Unused Serialized files (Serialized files now loaded: 0)
System memory in use before: 67.3 MB.
System memory in use after: 67.4 MB.

Unloading 12 unused Assets to reduce memory usage. Loaded Objects now: 1801.
Total: 1.785200 ms (FindLiveObjects: 0.083500 ms CreateObjectMapping: 0.032100 ms MarkObjects: 1.632100 ms  DeleteObjects: 0.036700 ms)

AssetImportParameters requested are different than current active one (requested -> active):
  custom:framework-win-MediaFoundation: 216162199b28c13a410421893ffa2e32 -> 
  custom:video-decoder-ogg-theora: a1e56fd34408186e4bbccfd4996cb3dc -> 
  custom:container-muxer-webm: aa71ff27fc2769a1b78a27578f13a17b -> 
  custom:container-demuxer-webm: 4f35f7cbe854078d1ac9338744f61a02 -> 
  custom:container-demuxer-ogg: 62fdf1f143b41e24485cea50d1cbac27 -> 
  custom:video-encoder-webm-vp8: eb34c28f22e8b96e1ab97ce403110664 -> 
  custom:video-codec-MediaFoundation-h265: 746d11721c4dcdbdad8f713fa42b33f4 -> 
  custom:video-decoder-webm-vp8: 9c59270c3fd7afecdb556c50c9e8de78 -> 
  custom:audio-decoder-ogg-vorbis: bf7c407c2cedff20999df2af8eb42d56 -> 
  custom:audio-encoder-webm-vorbis: bf7c407c2cedff20999df2af8eb42d56 -> 
========================================================================
Received Import Request.
  Time since last request: 148.393484 seconds.
  path: Assets/Scripts/ball_move.cs
  artifactKey: Guid(d174ddff780d07a4193107cd78d9f354) Importer(815301076,1909f56bfc062723c751e8b465ee728b)
Start importing Assets/Scripts/ball_move.cs using Guid(d174ddff780d07a4193107cd78d9f354) Importer(815301076,1909f56bfc062723c751e8b465ee728b)  -> (artifact id: 'd38b469fc56503c0897581ae5816f47b') in 0.005570 seconds 
========================================================================
Received Prepare
Registering precompiled user dll's ...
Registered in 0.002098 seconds.
Begin MonoManager ReloadAssembly
Native extension for WindowsStandalone target not found
Refreshing native plugins compatible for Editor in 0.20 ms, found 2 plugins.
Preloading 0 native plugins for Editor in 0.00 ms.
Mono: successfully reloaded assembly
- Completed reload, in  0.586 seconds
Domain Reload Profiling:
	ReloadAssembly (586ms)
		BeginReloadAssembly (81ms)
			ExecutionOrderSort (0ms)
			DisableScriptedObjects (3ms)
			BackupInstance (0ms)
			ReleaseScriptingObjects (0ms)
			CreateAndSetChildDomain (22ms)
		EndReloadAssembly (463ms)
			LoadAssemblies (67ms)
			RebuildTransferFunctionScriptingTraits (0ms)
			SetupTypeCache (158ms)
			ReleaseScriptCaches (1ms)
			RebuildScriptCaches (21ms)
			SetupLoadedEditorAssemblies (177ms)
				LogAssemblyErrors (0ms)
				InitializePlatformSupportModulesInManaged (3ms)
				SetLoadedEditorAssemblies (0ms)
				RefreshPlugins (0ms)
				BeforeProcessingInitializeOnLoad (44ms)
				ProcessInitializeOnLoadAttributes (121ms)
				ProcessInitializeOnLoadMethodAttributes (5ms)
				AfterProcessingInitializeOnLoad (4ms)
				EditorAssembliesLoaded (0ms)
			ExecutionOrderSort2 (0ms)
			AwakeInstancesAfterBackupRestoration (1ms)
Platform modules already initialized, skipping
Refreshing native plugins compatible for Editor in 0.21 ms, found 2 plugins.
Preloading 0 native plugins for Editor in 0.00 ms.
Unloading 1316 Unused Serialized files (Serialized files now loaded: 0)
System memory in use before: 67.4 MB.
System memory in use after: 67.4 MB.

Unloading 12 unused Assets to reduce memory usage. Loaded Objects now: 1804.
Total: 2.553300 ms (FindLiveObjects: 0.084100 ms CreateObjectMapping: 0.025600 ms MarkObjects: 2.394000 ms  DeleteObjects: 0.048700 ms)

AssetImportParameters requested are different than current active one (requested -> active):
  custom:framework-win-MediaFoundation: 216162199b28c13a410421893ffa2e32 -> 
  custom:video-decoder-ogg-theora: a1e56fd34408186e4bbccfd4996cb3dc -> 
  custom:container-muxer-webm: aa71ff27fc2769a1b78a27578f13a17b -> 
  custom:container-demuxer-webm: 4f35f7cbe854078d1ac9338744f61a02 -> 
  custom:container-demuxer-ogg: 62fdf1f143b41e24485cea50d1cbac27 -> 
  custom:video-encoder-webm-vp8: eb34c28f22e8b96e1ab97ce403110664 -> 
  custom:video-codec-MediaFoundation-h265: 746d11721c4dcdbdad8f713fa42b33f4 -> 
  custom:video-decoder-webm-vp8: 9c59270c3fd7afecdb556c50c9e8de78 -> 
  custom:audio-decoder-ogg-vorbis: bf7c407c2cedff20999df2af8eb42d56 -> 
  custom:audio-encoder-webm-vorbis: bf7c407c2cedff20999df2af8eb42d56 -> 
========================================================================
Received Prepare
Registering precompiled user dll's ...
Registered in 0.003218 seconds.
Begin MonoManager ReloadAssembly
Native extension for WindowsStandalone target not found
Refreshing native plugins compatible for Editor in 0.20 ms, found 2 plugins.
Preloading 0 native plugins for Editor in 0.00 ms.
Mono: successfully reloaded assembly
- Completed reload, in  0.589 seconds
Domain Reload Profiling:
	ReloadAssembly (590ms)
		BeginReloadAssembly (75ms)
			ExecutionOrderSort (0ms)
			DisableScriptedObjects (2ms)
			BackupInstance (0ms)
			ReleaseScriptingObjects (0ms)
			CreateAndSetChildDomain (21ms)
		EndReloadAssembly (476ms)
			LoadAssemblies (60ms)
			RebuildTransferFunctionScriptingTraits (0ms)
			SetupTypeCache (160ms)
			ReleaseScriptCaches (1ms)
			RebuildScriptCaches (22ms)
			SetupLoadedEditorAssemblies (191ms)
				LogAssemblyErrors (0ms)
				InitializePlatformSupportModulesInManaged (3ms)
				SetLoadedEditorAssemblies (0ms)
				RefreshPlugins (0ms)
				BeforeProcessingInitializeOnLoad (46ms)
				ProcessInitializeOnLoadAttributes (131ms)
				ProcessInitializeOnLoadMethodAttributes (6ms)
				AfterProcessingInitializeOnLoad (4ms)
				EditorAssembliesLoaded (0ms)
			ExecutionOrderSort2 (0ms)
			AwakeInstancesAfterBackupRestoration (1ms)
Platform modules already initialized, skipping
Refreshing native plugins compatible for Editor in 0.20 ms, found 2 plugins.
Preloading 0 native plugins for Editor in 0.00 ms.
Unloading 1316 Unused Serialized files (Serialized files now loaded: 0)
System memory in use before: 67.4 MB.
System memory in use after: 67.4 MB.

Unloading 12 unused Assets to reduce memory usage. Loaded Objects now: 1807.
Total: 1.712600 ms (FindLiveObjects: 0.073600 ms CreateObjectMapping: 0.023400 ms MarkObjects: 1.576500 ms  DeleteObjects: 0.038400 ms)

AssetImportParameters requested are different than current active one (requested -> active):
  custom:framework-win-MediaFoundation: 216162199b28c13a410421893ffa2e32 -> 
  custom:video-decoder-ogg-theora: a1e56fd34408186e4bbccfd4996cb3dc -> 
  custom:container-muxer-webm: aa71ff27fc2769a1b78a27578f13a17b -> 
  custom:container-demuxer-webm: 4f35f7cbe854078d1ac9338744f61a02 -> 
  custom:container-demuxer-ogg: 62fdf1f143b41e24485cea50d1cbac27 -> 
  custom:video-encoder-webm-vp8: eb34c28f22e8b96e1ab97ce403110664 -> 
  custom:video-codec-MediaFoundation-h265: 746d11721c4dcdbdad8f713fa42b33f4 -> 
  custom:video-decoder-webm-vp8: 9c59270c3fd7afecdb556c50c9e8de78 -> 
  custom:audio-decoder-ogg-vorbis: bf7c407c2cedff20999df2af8eb42d56 -> 
  custom:audio-encoder-webm-vorbis: bf7c407c2cedff20999df2af8eb42d56 -> 
========================================================================
Received Import Request.
  Time since last request: 1803.425965 seconds.
  path: Assets/Materials/StoneWall.webp
  artifactKey: Guid(76d4faf828aa2664c93f28015443185a) Importer(815301076,1909f56bfc062723c751e8b465ee728b)
Start importing Assets/Materials/StoneWall.webp using Guid(76d4faf828aa2664c93f28015443185a) Importer(815301076,1909f56bfc062723c751e8b465ee728b)  -> (artifact id: 'c92558b0c0c6958002f4069ff5efafe0') in 0.027582 seconds 
========================================================================
Received Import Request.
  Time since last request: 23.292226 seconds.
  path: Assets/Materials/StoneWall.jpg
  artifactKey: Guid(0b0862ad10d7ca04691c9f263e576856) Importer(815301076,1909f56bfc062723c751e8b465ee728b)
Start importing Assets/Materials/StoneWall.jpg using Guid(0b0862ad10d7ca04691c9f263e576856) Importer(815301076,1909f56bfc062723c751e8b465ee728b)  -> (artifact id: 'eb4fea16250e5e6de0057f5d893fa59c') in 0.027866 seconds 
========================================================================
Received Import Request.
  Time since last request: 16.869536 seconds.
  path: Assets/Materials/Materials
  artifactKey: Guid(df9508862d122d5489b63044f4606c19) Importer(815301076,1909f56bfc062723c751e8b465ee728b)
Start importing Assets/Materials/Materials using Guid(df9508862d122d5489b63044f4606c19) Importer(815301076,1909f56bfc062723c751e8b465ee728b)  -> (artifact id: 'dacb6689abc4e3f40b2db83c7193cdf2') in 0.011962 seconds 
========================================================================
Received Import Request.
  Time since last request: 0.220958 seconds.
  path: Assets/Materials/Materials/StoneWall.mat
  artifactKey: Guid(978ac5ffea9ef9f44a8b9e116be12753) Importer(815301076,1909f56bfc062723c751e8b465ee728b)
Start importing Assets/Materials/Materials/StoneWall.mat using Guid(978ac5ffea9ef9f44a8b9e116be12753) Importer(815301076,1909f56bfc062723c751e8b465ee728b)  -> (artifact id: '2fdf574883d3685d2850e2a0f5db3068') in 0.033660 seconds 
========================================================================
Received Import Request.
  Time since last request: 14.881307 seconds.
  path: Assets/Materials/StoneWall.mat
  artifactKey: Guid(978ac5ffea9ef9f44a8b9e116be12753) Importer(815301076,1909f56bfc062723c751e8b465ee728b)
Start importing Assets/Materials/StoneWall.mat using Guid(978ac5ffea9ef9f44a8b9e116be12753) Importer(815301076,1909f56bfc062723c751e8b465ee728b)  -> (artifact id: 'd26b2395c59ed2133479503feba6dc8c') in 0.012417 seconds 
========================================================================
Received Import Request.
  Time since last request: 107.743555 seconds.
  path: Assets/Materials/WoodenPlank_01_norm.tga
  artifactKey: Guid(453c1503e7b3eec4cac329f0bfceba5b) Importer(815301076,1909f56bfc062723c751e8b465ee728b)
Start importing Assets/Materials/WoodenPlank_01_norm.tga using Guid(453c1503e7b3eec4cac329f0bfceba5b) Importer(815301076,1909f56bfc062723c751e8b465ee728b)  -> (artifact id: 'edf7bd98b5da862962569503891dede2') in 0.018598 seconds 
========================================================================
Received Import Request.
  Time since last request: 0.000205 seconds.
  path: Assets/Materials/WoodenPlank_01_occlusion.tga
  artifactKey: Guid(1c78552ee753fc84ba60def8cc3aec9a) Importer(815301076,1909f56bfc062723c751e8b465ee728b)
Start importing Assets/Materials/WoodenPlank_01_occlusion.tga using Guid(1c78552ee753fc84ba60def8cc3aec9a) Importer(815301076,1909f56bfc062723c751e8b465ee728b)  -> (artifact id: 'e889d727ff58fd6812b88b518aca88ef') in 0.011508 seconds 
========================================================================
Received Import Request.
  Time since last request: 12.430041 seconds.
  path: Assets/Materials/WoodenPlank_01_norm.tga
  artifactKey: Guid(453c1503e7b3eec4cac329f0bfceba5b) Importer(815301076,1909f56bfc062723c751e8b465ee728b)
Start importing Assets/Materials/WoodenPlank_01_norm.tga using Guid(453c1503e7b3eec4cac329f0bfceba5b) Importer(815301076,1909f56bfc062723c751e8b465ee728b)  -> (artifact id: '976b9693e1988ed0de8fc74fb404dd5d') in 0.014483 seconds 
========================================================================
Received Import Request.
  Time since last request: 15.900168 seconds.
  path: Assets/Materials/WoodenPlank_01_occlusion.tga
  artifactKey: Guid(1c78552ee753fc84ba60def8cc3aec9a) Importer(815301076,1909f56bfc062723c751e8b465ee728b)
Start importing Assets/Materials/WoodenPlank_01_occlusion.tga using Guid(1c78552ee753fc84ba60def8cc3aec9a) Importer(815301076,1909f56bfc062723c751e8b465ee728b)  -> (artifact id: 'c8e44c81d0e1c101fa86b7eac494a0f6') in 0.005324 seconds 
========================================================================
Received Import Request.
  Time since last request: 45.448892 seconds.
  path: Assets/Materials/WoodenPlank_01_Diffuse 1.tga
  artifactKey: Guid(5eeb4d2cb3ad1204faa5254321d82d4b) Importer(815301076,1909f56bfc062723c751e8b465ee728b)
Start importing Assets/Materials/WoodenPlank_01_Diffuse 1.tga using Guid(5eeb4d2cb3ad1204faa5254321d82d4b) Importer(815301076,1909f56bfc062723c751e8b465ee728b)  -> (artifact id: '0135b5878455b434910738a2d06732f8') in 0.015646 seconds 
========================================================================
Received Import Request.
  Time since last request: 42.059083 seconds.
  path: Assets/Materials/Walls.mat
  artifactKey: Guid(ae069efa288ddb34bb9e067a1acd2828) Importer(815301076,1909f56bfc062723c751e8b465ee728b)
Start importing Assets/Materials/Walls.mat using Guid(ae069efa288ddb34bb9e067a1acd2828) Importer(815301076,1909f56bfc062723c751e8b465ee728b)  -> (artifact id: '37dcfa40aab9a60deda1c5afb4e16d29') in 0.015585 seconds 
========================================================================
Received Import Request.
  Time since last request: 234.741189 seconds.
  path: Assets/Materials/grass.jpg
  artifactKey: Guid(f4db3187a16d41c41baf7e8afd2d0f6b) Importer(815301076,1909f56bfc062723c751e8b465ee728b)
Start importing Assets/Materials/grass.jpg using Guid(f4db3187a16d41c41baf7e8afd2d0f6b) Importer(815301076,1909f56bfc062723c751e8b465ee728b)  -> (artifact id: 'c2f2cc857908fdcdd75cb9d133321863') in 0.014395 seconds 
========================================================================
Received Prepare
Registering precompiled user dll's ...
Registered in 0.003472 seconds.
Begin MonoManager ReloadAssembly
Native extension for WindowsStandalone target not found
Refreshing native plugins compatible for Editor in 0.21 ms, found 2 plugins.
Preloading 0 native plugins for Editor in 0.00 ms.
Mono: successfully reloaded assembly
- Completed reload, in  0.624 seconds
Domain Reload Profiling:
	ReloadAssembly (624ms)
		BeginReloadAssembly (88ms)
			ExecutionOrderSort (0ms)
			DisableScriptedObjects (3ms)
			BackupInstance (0ms)
			ReleaseScriptingObjects (0ms)
			CreateAndSetChildDomain (26ms)
		EndReloadAssembly (497ms)
			LoadAssemblies (68ms)
			RebuildTransferFunctionScriptingTraits (0ms)
			SetupTypeCache (165ms)
			ReleaseScriptCaches (1ms)
			RebuildScriptCaches (21ms)
			SetupLoadedEditorAssemblies (205ms)
				LogAssemblyErrors (0ms)
				InitializePlatformSupportModulesInManaged (3ms)
				SetLoadedEditorAssemblies (0ms)
				RefreshPlugins (0ms)
				BeforeProcessingInitializeOnLoad (43ms)
				ProcessInitializeOnLoadAttributes (150ms)
				ProcessInitializeOnLoadMethodAttributes (5ms)
				AfterProcessingInitializeOnLoad (4ms)
				EditorAssembliesLoaded (0ms)
			ExecutionOrderSort2 (0ms)
			AwakeInstancesAfterBackupRestoration (1ms)
Platform modules already initialized, skipping
Refreshing native plugins compatible for Editor in 0.22 ms, found 2 plugins.
Preloading 0 native plugins for Editor in 0.00 ms.
Unloading 1316 Unused Serialized files (Serialized files now loaded: 0)
System memory in use before: 67.5 MB.
System memory in use after: 67.5 MB.

Unloading 12 unused Assets to reduce memory usage. Loaded Objects now: 1816.
Total: 1.907800 ms (FindLiveObjects: 0.085200 ms CreateObjectMapping: 0.023200 ms MarkObjects: 1.748800 ms  DeleteObjects: 0.049600 ms)

AssetImportParameters requested are different than current active one (requested -> active):
  custom:framework-win-MediaFoundation: 216162199b28c13a410421893ffa2e32 -> 
  custom:video-decoder-ogg-theora: a1e56fd34408186e4bbccfd4996cb3dc -> 
  custom:container-muxer-webm: aa71ff27fc2769a1b78a27578f13a17b -> 
  custom:container-demuxer-webm: 4f35f7cbe854078d1ac9338744f61a02 -> 
  custom:container-demuxer-ogg: 62fdf1f143b41e24485cea50d1cbac27 -> 
  custom:video-encoder-webm-vp8: eb34c28f22e8b96e1ab97ce403110664 -> 
  custom:video-codec-MediaFoundation-h265: 746d11721c4dcdbdad8f713fa42b33f4 -> 
  custom:video-decoder-webm-vp8: 9c59270c3fd7afecdb556c50c9e8de78 -> 
  custom:audio-decoder-ogg-vorbis: bf7c407c2cedff20999df2af8eb42d56 -> 
  custom:audio-encoder-webm-vorbis: bf7c407c2cedff20999df2af8eb42d56 -> 
========================================================================
Received Import Request.
  Time since last request: 251.875854 seconds.
  path: Assets/Materials/Ground Color.mat
  artifactKey: Guid(aae7997d96fadec41ba029cb45f199b3) Importer(815301076,1909f56bfc062723c751e8b465ee728b)
Start importing Assets/Materials/Ground Color.mat using Guid(aae7997d96fadec41ba029cb45f199b3) Importer(815301076,1909f56bfc062723c751e8b465ee728b)  -> (artifact id: '5b4ed3d2f3061b670c81a2b42914cd82') in 0.064456 seconds 
========================================================================
Received Import Request.
  Time since last request: 0.000204 seconds.
  path: Assets/Materials/Walls.mat
  artifactKey: Guid(ae069efa288ddb34bb9e067a1acd2828) Importer(815301076,1909f56bfc062723c751e8b465ee728b)
Start importing Assets/Materials/Walls.mat using Guid(ae069efa288ddb34bb9e067a1acd2828) Importer(815301076,1909f56bfc062723c751e8b465ee728b)  -> (artifact id: '797cd922d191bcfb495e5de1c6873241') in 0.033301 seconds 
========================================================================
Received Import Request.
  Time since last request: 5.624425 seconds.
  path: Assets/Materials/Walls.mat
  artifactKey: Guid(ae069efa288ddb34bb9e067a1acd2828) Importer(815301076,1909f56bfc062723c751e8b465ee728b)
Start importing Assets/Materials/Walls.mat using Guid(ae069efa288ddb34bb9e067a1acd2828) Importer(815301076,1909f56bfc062723c751e8b465ee728b)  -> (artifact id: 'bf92c7f62d7da5319f672e2b6ef38b65') in 0.018427 seconds 
========================================================================
Received Import Request.
  Time since last request: 0.000265 seconds.
  path: Assets/Materials/WoodenPlank_01_norm.tga
  artifactKey: Guid(453c1503e7b3eec4cac329f0bfceba5b) Importer(815301076,1909f56bfc062723c751e8b465ee728b)
Start importing Assets/Materials/WoodenPlank_01_norm.tga using Guid(453c1503e7b3eec4cac329f0bfceba5b) Importer(815301076,1909f56bfc062723c751e8b465ee728b)  -> (artifact id: '9341cdca9dcab0d46d18953cc8b58c7e') in 0.015443 seconds 
AssetImportWorkerClient::OnTransportError - code=2 error=End of file
